# JRE version: Java(TM) SE Runtime Environment (8.0_144-b01) (build 1.8.0_144-b01)
# Java VM: Java HotSpot(TM) 64-Bit Server VM (25.144-b01 mixed mode bsd-amd64 compressed oops)
Heap:
 PSYoungGen      total 2560K, used 2047K [0x00000007bfd00000, 0x00000007c0000000, 0x00000007c0000000)
  eden space 2048K, 99% used [0x00000007bfd00000,0x00000007bfeffff8,0x00000007bff00000)
  from space 512K, 0% used [0x00000007bff80000,0x00000007bff80000,0x00000007c0000000)
  to   space 512K, 0% used [0x00000007bff00000,0x00000007bff00000,0x00000007bff80000)
 ParOldGen       total 7168K, used 7168K [0x00000007bf600000, 0x00000007bfd00000, 0x00000007bfd00000)
  object space 7168K, 100% used [0x00000007bf600000,0x00000007bfd00000,0x00000007bfd00000)
 Metaspace       used 2672K, capacity 4486K, committed 4864K, reserved 1056768K
  class space    used 287K, capacity 386K, committed 512K, reserved 1048576K
GC Heap History (10 events):
Event: 0.930 GC heap before
{Heap before GC invocations=23 (full 19):
 PSYoungGen      total 2560K, used 2047K [0x00000007bfd00000, 0x00000007c0000000, 0x00000007c0000000)
  eden space 2048K, 99% used [0x00000007bfd00000,0x00000007bfeffff8,0x00000007bff00000)
  from space 512K, 0% used [0x00000007bff80000,0x00000007bff80000,0x00000007c0000000)
  to   space 512K, 0% used [0x00000007bff00000,0x00000007bff00000,0x00000007bff80000)
 ParOldGen       total 7168K, used 7167K [0x00000007bf600000, 0x00000007bfd00000, 0x00000007bfd00000)
  object space 7168K, 99% used [0x00000007bf600000,0x00000007bfcffdf0,0x00000007bfd00000)
 Metaspace       used 2672K, capacity 4486K, committed 4864K, reserved 1056768K
  class space    used 287K, capacity 386K, committed 512K, reserved 1048576K
Event: 0.965 GC heap after
Heap after GC invocations=23 (full 19):
 PSYoungGen      total 2560K, used 2047K [0x00000007bfd00000, 0x00000007c0000000, 0x00000007c0000000)
  eden space 2048K, 99% used [0x00000007bfd00000,0x00000007bfeffff8,0x00000007bff00000)
  from space 512K, 0% used [0x00000007bff80000,0x00000007bff80000,0x00000007c0000000)
  to   space 512K, 0% used [0x00000007bff00000,0x00000007bff00000,0x00000007bff80000)
 ParOldGen       total 7168K, used 7167K [0x00000007bf600000, 0x00000007bfd00000, 0x00000007bfd00000)
  object space 7168K, 99% used [0x00000007bf600000,0x00000007bfcffdf0,0x00000007bfd00000)
 Metaspace       used 2672K, capacity 4486K, committed 4864K, reserved 1056768K
  class space    used 287K, capacity 386K, committed 512K, reserved 1048576K
}
Event: 0.965 GC heap before
{Heap before GC invocations=24 (full 20):
 PSYoungGen      total 2560K, used 2047K [0x00000007bfd00000, 0x00000007c0000000, 0x00000007c0000000)
  eden space 2048K, 99% used [0x00000007bfd00000,0x00000007bfeffff8,0x00000007bff00000)
  from space 512K, 0% used [0x00000007bff80000,0x00000007bff80000,0x00000007c0000000)
  to   space 512K, 0% used [0x00000007bff00000,0x00000007bff00000,0x00000007bff80000)
 ParOldGen       total 7168K, used 7168K [0x00000007bf600000, 0x00000007bfd00000, 0x00000007bfd00000)
  object space 7168K, 100% used [0x00000007bf600000,0x00000007bfd00000,0x00000007bfd00000)
 Metaspace       used 2672K, capacity 4486K, committed 4864K, reserved 1056768K
  class space    used 287K, capacity 386K, committed 512K, reserved 1048576K
Event: 0.998 GC heap after
Heap after GC invocations=24 (full 20):
 PSYoungGen      total 2560K, used 2047K [0x00000007bfd00000, 0x00000007c0000000, 0x00000007c0000000)
  eden space 2048K, 99% used [0x00000007bfd00000,0x00000007bfeffff8,0x00000007bff00000)
  from space 512K, 0% used [0x00000007bff80000,0x00000007bff80000,0x00000007c0000000)
  to   space 512K, 0% used [0x00000007bff00000,0x00000007bff00000,0x00000007bff80000)
 ParOldGen       total 7168K, used 7168K [0x00000007bf600000, 0x00000007bfd00000, 0x00000007bfd00000)
  object space 7168K, 100% used [0x00000007bf600000,0x00000007bfd00000,0x00000007bfd00000)
 Metaspace       used 2672K, capacity 4486K, committed 4864K, reserved 1056768K
  class space    used 287K, capacity 386K, committed 512K, reserved 1048576K
}
Event: 0.998 GC heap before
{Heap before GC invocations=25 (full 21):
 PSYoungGen      total 2560K, used 2047K [0x00000007bfd00000, 0x00000007c0000000, 0x00000007c0000000)
  eden space 2048K, 99% used [0x00000007bfd00000,0x00000007bfeffff8,0x00000007bff00000)
  from space 512K, 0% used [0x00000007bff80000,0x00000007bff80000,0x00000007c0000000)
  to   space 512K, 0% used [0x00000007bff00000,0x00000007bff00000,0x00000007bff80000)
 ParOldGen       total 7168K, used 7168K [0x00000007bf600000, 0x00000007bfd00000, 0x00000007bfd00000)
  object space 7168K, 100% used [0x00000007bf600000,0x00000007bfd00000,0x00000007bfd00000)
 Metaspace       used 2672K, capacity 4486K, committed 4864K, reserved 1056768K
  class space    used 287K, capacity 386K, committed 512K, reserved 1048576K
Event: 1.035 GC heap after
Heap after GC invocations=25 (full 21):
 PSYoungGen      total 2560K, used 2047K [0x00000007bfd00000, 0x00000007c0000000, 0x00000007c0000000)
  eden space 2048K, 99% used [0x00000007bfd00000,0x00000007bfeffff8,0x00000007bff00000)
  from space 512K, 0% used [0x00000007bff80000,0x00000007bff80000,0x00000007c0000000)
  to   space 512K, 0% used [0x00000007bff00000,0x00000007bff00000,0x00000007bff80000)
 ParOldGen       total 7168K, used 7168K [0x00000007bf600000, 0x00000007bfd00000, 0x00000007bfd00000)
  object space 7168K, 100% used [0x00000007bf600000,0x00000007bfd00000,0x00000007bfd00000)
 Metaspace       used 2672K, capacity 4486K, committed 4864K, reserved 1056768K
  class space    used 287K, capacity 386K, committed 512K, reserved 1048576K
}
Event: 1.035 GC heap before
{Heap before GC invocations=26 (full 22):
 PSYoungGen      total 2560K, used 2047K [0x00000007bfd00000, 0x00000007c0000000, 0x00000007c0000000)
  eden space 2048K, 99% used [0x00000007bfd00000,0x00000007bfeffff8,0x00000007bff00000)
  from space 512K, 0% used [0x00000007bff80000,0x00000007bff80000,0x00000007c0000000)
  to   space 512K, 0% used [0x00000007bff00000,0x00000007bff00000,0x00000007bff80000)
 ParOldGen       total 7168K, used 7168K [0x00000007bf600000, 0x00000007bfd00000, 0x00000007bfd00000)
  object space 7168K, 100% used [0x00000007bf600000,0x00000007bfd00000,0x00000007bfd00000)
 Metaspace       used 2672K, capacity 4486K, committed 4864K, reserved 1056768K
  class space    used 287K, capacity 386K, committed 512K, reserved 1048576K
Event: 1.069 GC heap after
Heap after GC invocations=26 (full 22):
 PSYoungGen      total 2560K, used 2047K [0x00000007bfd00000, 0x00000007c0000000, 0x00000007c0000000)
  eden space 2048K, 99% used [0x00000007bfd00000,0x00000007bfeffff8,0x00000007bff00000)
  from space 512K, 0% used [0x00000007bff80000,0x00000007bff80000,0x00000007c0000000)
  to   space 512K, 0% used [0x00000007bff00000,0x00000007bff00000,0x00000007bff80000)
 ParOldGen       total 7168K, used 7168K [0x00000007bf600000, 0x00000007bfd00000, 0x00000007bfd00000)
  object space 7168K, 100% used [0x00000007bf600000,0x00000007bfd00000,0x00000007bfd00000)
 Metaspace       used 2672K, capacity 4486K, committed 4864K, reserved 1056768K
  class space    used 287K, capacity 386K, committed 512K, reserved 1048576K
}
Event: 1.069 GC heap before
{Heap before GC invocations=27 (full 23):
 PSYoungGen      total 2560K, used 2047K [0x00000007bfd00000, 0x00000007c0000000, 0x00000007c0000000)
  eden space 2048K, 99% used [0x00000007bfd00000,0x00000007bfeffff8,0x00000007bff00000)
  from space 512K, 0% used [0x00000007bff80000,0x00000007bff80000,0x00000007c0000000)
  to   space 512K, 0% used [0x00000007bff00000,0x00000007bff00000,0x00000007bff80000)
 ParOldGen       total 7168K, used 7168K [0x00000007bf600000, 0x00000007bfd00000, 0x00000007bfd00000)
  object space 7168K, 100% used [0x00000007bf600000,0x00000007bfd00000,0x00000007bfd00000)
 Metaspace       used 2672K, capacity 4486K, committed 4864K, reserved 1056768K
  class space    used 287K, capacity 386K, committed 512K, reserved 1048576K
Event: 1.102 GC heap after
Heap after GC invocations=27 (full 23):
 PSYoungGen      total 2560K, used 2047K [0x00000007bfd00000, 0x00000007c0000000, 0x00000007c0000000)
  eden space 2048K, 99% used [0x00000007bfd00000,0x00000007bfeffff8,0x00000007bff00000)
  from space 512K, 0% used [0x00000007bff80000,0x00000007bff80000,0x00000007c0000000)
  to   space 512K, 0% used [0x00000007bff00000,0x00000007bff00000,0x00000007bff80000)
 ParOldGen       total 7168K, used 7168K [0x00000007bf600000, 0x00000007bfd00000, 0x00000007bfd00000)
  object space 7168K, 100% used [0x00000007bf600000,0x00000007bfd00000,0x00000007bfd00000)
 Metaspace       used 2672K, capacity 4486K, committed 4864K, reserved 1056768K
  class space    used 287K, capacity 386K, committed 512K, reserved 1048576K
}

